<?xml version="1.0" encoding="UTF-8"?>
<testng-results ignored="0" total="2" passed="2" failed="0" skipped="0">
  <reporter-output>
  </reporter-output>
  <suite started-at="2025-02-27T18:23:36 UTC" name="Command line suite" finished-at="2025-02-27T18:24:00 UTC" duration-ms="24549">
    <groups>
    </groups>
    <test started-at="2025-02-27T18:23:36 UTC" name="Command line test" finished-at="2025-02-27T18:24:00 UTC" duration-ms="24549">
      <class name="lambda.DragDropSliderTest">
        <test-method is-config="true" signature="setup()[pri:0, instance:lambda.DragDropSliderTest@1d548a08]" started-at="2025-02-27T18:23:36 UTC" name="setup" finished-at="2025-02-27T18:23:43 UTC" duration-ms="6822" status="PASS">
          <reporter-output>
          </reporter-output>
        </test-method> <!-- setup -->
        <test-method signature="TestScenario2()[pri:0, instance:lambda.DragDropSliderTest@1d548a08]" started-at="2025-02-27T18:23:43 UTC" name="TestScenario2" finished-at="2025-02-27T18:23:48 UTC" duration-ms="5714" status="PASS">
          <reporter-output>
          </reporter-output>
        </test-method> <!-- TestScenario2 -->
        <test-method is-config="true" signature="tearDown()[pri:0, instance:lambda.DragDropSliderTest@1d548a08]" started-at="2025-02-27T18:23:48 UTC" name="tearDown" finished-at="2025-02-27T18:23:50 UTC" duration-ms="1218" status="PASS">
          <reporter-output>
          </reporter-output>
        </test-method> <!-- tearDown -->
      </class> <!-- lambda.DragDropSliderTest -->
      <class name="lambda.InputFormSubmitTest">
        <test-method is-config="true" signature="setup()[pri:0, instance:lambda.InputFormSubmitTest@23529fee]" started-at="2025-02-27T18:23:50 UTC" name="setup" finished-at="2025-02-27T18:23:55 UTC" duration-ms="5295" status="PASS">
          <reporter-output>
          </reporter-output>
        </test-method> <!-- setup -->
        <test-method signature="TestScenario3()[pri:0, instance:lambda.InputFormSubmitTest@23529fee]" started-at="2025-02-27T18:23:55 UTC" name="TestScenario3" finished-at="2025-02-27T18:23:59 UTC" duration-ms="4162" status="PASS">
          <reporter-output>
          </reporter-output>
        </test-method> <!-- TestScenario3 -->
        <test-method is-config="true" signature="tearDown()[pri:0, instance:lambda.InputFormSubmitTest@23529fee]" started-at="2025-02-27T18:23:59 UTC" name="tearDown" finished-at="2025-02-27T18:24:00 UTC" duration-ms="1289" status="PASS">
          <reporter-output>
          </reporter-output>
        </test-method> <!-- tearDown -->
      </class> <!-- lambda.InputFormSubmitTest -->
    </test> <!-- Command line test -->
  </suite> <!-- Command line suite -->
</testng-results>
