<?xml version="1.0" encoding="UTF-8"?>
<testng-results ignored="0" total="1" passed="1" failed="0" skipped="0">
  <reporter-output>
  </reporter-output>
  <suite started-at="2025-02-27T23:15:55 IST" name="Default suite" finished-at="2025-02-27T23:16:14 IST" duration-ms="18417">
    <groups>
    </groups>
    <test started-at="2025-02-27T23:15:55 IST" name="Default test" finished-at="2025-02-27T23:16:14 IST" duration-ms="18417">
      <class name="lambda.DragDropSliderTest">
        <test-method is-config="true" signature="setup()[pri:0, instance:lambda.DragDropSliderTest@4145bad8]" started-at="2025-02-27T23:15:55 IST" name="setup" finished-at="2025-02-27T23:16:04 IST" duration-ms="8588" status="PASS">
          <reporter-output>
          </reporter-output>
        </test-method> <!-- setup -->
        <test-method signature="TestScenario2()[pri:0, instance:lambda.DragDropSliderTest@4145bad8]" started-at="2025-02-27T23:16:04 IST" name="TestScenario2" finished-at="2025-02-27T23:16:12 IST" duration-ms="8374" status="PASS">
          <reporter-output>
          </reporter-output>
        </test-method> <!-- TestScenario2 -->
        <test-method is-config="true" signature="tearDown()[pri:0, instance:lambda.DragDropSliderTest@4145bad8]" started-at="2025-02-27T23:16:12 IST" name="tearDown" finished-at="2025-02-27T23:16:14 IST" duration-ms="1384" status="PASS">
          <reporter-output>
          </reporter-output>
        </test-method> <!-- tearDown -->
      </class> <!-- lambda.DragDropSliderTest -->
    </test> <!-- Default test -->
  </suite> <!-- Default suite -->
</testng-results>
