<?xml version="1.0" encoding="UTF-8"?>
<testng-results ignored="0" total="1" passed="1" failed="0" skipped="0">
  <reporter-output>
  </reporter-output>
  <suite started-at="2025-02-26T00:41:10 IST" name="Default suite" finished-at="2025-02-26T00:41:27 IST" duration-ms="17374">
    <groups>
    </groups>
    <test started-at="2025-02-26T00:41:10 IST" name="Default test" finished-at="2025-02-26T00:41:27 IST" duration-ms="17374">
      <class name="lambda.InputFormSubmitTest">
        <test-method is-config="true" signature="setup()[pri:0, instance:lambda.InputFormSubmitTest@4145bad8]" started-at="2025-02-26T00:41:10 IST" name="setup" finished-at="2025-02-26T00:41:18 IST" duration-ms="8574" status="PASS">
          <reporter-output>
          </reporter-output>
        </test-method> <!-- setup -->
        <test-method signature="TestScenario3()[pri:0, instance:lambda.InputFormSubmitTest@4145bad8]" started-at="2025-02-26T00:41:18 IST" name="TestScenario3" finished-at="2025-02-26T00:41:25 IST" duration-ms="7252" status="PASS">
          <reporter-output>
          </reporter-output>
        </test-method> <!-- TestScenario3 -->
        <test-method is-config="true" signature="tearDown()[pri:0, instance:lambda.InputFormSubmitTest@4145bad8]" started-at="2025-02-26T00:41:25 IST" name="tearDown" finished-at="2025-02-26T00:41:27 IST" duration-ms="1498" status="PASS">
          <reporter-output>
          </reporter-output>
        </test-method> <!-- tearDown -->
      </class> <!-- lambda.InputFormSubmitTest -->
    </test> <!-- Default test -->
  </suite> <!-- Default suite -->
</testng-results>
